生成启动时间为 2014-1-29 17:01:08。
     1>项目“D:\cocos2d-x-2.2\projects\feiji\proj.win32\feiji.vcxproj”在节点 3 上(build 个目标)。
     1>InitializeBuildStatus:
         正在创建“Debug.win32\feiji.unsuccessfulbuild”，因为已指定“AlwaysCreate”。
       ClCompile:
         e:\Program Files\Microsoft Visual Studio 10.0\VC\bin\CL.exe /c /I"D:\cocos2d-x-2.2\projects\feiji\proj.win32\..\..\..\cocos2dx" /I"D:\cocos2d-x-2.2\projects\feiji\proj.win32\..\..\..\cocos2dx\include" /I"D:\cocos2d-x-2.2\projects\feiji\proj.win32\..\..\..\cocos2dx\kazmath\include" /I"D:\cocos2d-x-2.2\projects\feiji\proj.win32\..\..\..\cocos2dx\platform\win32" /I"D:\cocos2d-x-2.2\projects\feiji\proj.win32\..\..\..\cocos2dx\platform\third_party\win32" /I"D:\cocos2d-x-2.2\projects\feiji\proj.win32\..\..\..\cocos2dx\platform\third_party\win32\OGLES" /I"D:\cocos2d-x-2.2\projects\feiji\proj.win32\..\..\..\external" /I"D:\cocos2d-x-2.2\projects\feiji\proj.win32\..\..\..\external\chipmunk\include\chipmunk" /I"D:\cocos2d-x-2.2\projects\feiji\proj.win32\..\..\..\CocosDenshion\include" /I"D:\cocos2d-x-2.2\projects\feiji\proj.win32\..\..\..\extensions" /I..\Classes /I.. /ZI /nologo /W3 /WX- /Od /Oy- /D WIN32 /D _DEBUG /D _WINDOWS /D _USE_MATH_DEFINES /D GL_GLEXT_PROTOTYPES /D CC_ENABLE_CHIPMUNK_INTEGRATION=1 /D COCOS2D_DEBUG=1 /D _CRT_SECURE_NO_WARNINGS /D _SCL_SECURE_NO_WARNINGS /D _UNICODE /D UNICODE /Gm /EHsc /RTC1 /MDd /GS /fp:precise /Zc:wchar_t /Zc:forScope /Fo"Debug.win32\\" /Fd"Debug.win32\vc100.pdb" /Gd /TP /wd4267 /wd4251 /wd4244 /analyze- /errorReport:prompt EnemyLayer.cpp GameLayer.cpp GameOverLayer.cpp WelcomeLayer.cpp
         EnemyLayer.cpp
     1>d:\cocos2d-x-2.2\projects\feiji\proj.win32\enemylayer.cpp(102): warning C4305: “=”: 从“double”到“float”截断
     1>d:\cocos2d-x-2.2\projects\feiji\proj.win32\enemylayer.cpp(103): warning C4305: “=”: 从“double”到“float”截断
     1>d:\cocos2d-x-2.2\projects\feiji\proj.win32\enemylayer.cpp(106): warning C4305: “=”: 从“double”到“float”截断
     1>d:\cocos2d-x-2.2\projects\feiji\proj.win32\enemylayer.cpp(107): warning C4305: “=”: 从“double”到“float”截断
     1>d:\cocos2d-x-2.2\projects\feiji\proj.win32\enemylayer.cpp(193): warning C4305: “=”: 从“double”到“float”截断
     1>d:\cocos2d-x-2.2\projects\feiji\proj.win32\enemylayer.cpp(194): warning C4305: “=”: 从“double”到“float”截断
     1>d:\cocos2d-x-2.2\projects\feiji\proj.win32\enemylayer.cpp(282): warning C4305: “=”: 从“double”到“float”截断
     1>d:\cocos2d-x-2.2\projects\feiji\proj.win32\enemylayer.cpp(283): warning C4305: “=”: 从“double”到“float”截断
     1>d:\cocos2d-x-2.2\projects\feiji\proj.win32\enemylayer.cpp(286): warning C4305: “=”: 从“double”到“float”截断
     1>d:\cocos2d-x-2.2\projects\feiji\proj.win32\enemylayer.cpp(287): warning C4305: “=”: 从“double”到“float”截断
         正在生成代码...
         正在编译...
         WelcomeLayer.cpp
         GameOverLayer.cpp
         GameLayer.cpp
         正在生成代码...
       ManifestResourceCompile:
         所有输出均为最新。
       PreLinkEvent:
         if not exist "D:\cocos2d-x-2.2\projects\feiji\proj.win32\Debug.win32\" mkdir "D:\cocos2d-x-2.2\projects\feiji\proj.win32\Debug.win32\"
         xcopy /Y /Q "D:\cocos2d-x-2.2\projects\feiji\proj.win32\..\..\..\external\libwebsockets\win32\lib\*.*" "D:\cocos2d-x-2.2\projects\feiji\proj.win32\Debug.win32\"
         :VCEnd
         复制了 2 个文件
       Link:
         e:\Program Files\Microsoft Visual Studio 10.0\VC\bin\link.exe /ERRORREPORT:PROMPT /OUT:"D:\cocos2d-x-2.2\projects\feiji\proj.win32\Debug.win32\feiji.exe" /INCREMENTAL /NOLOGO /LIBPATH:"D:\cocos2d-x-2.2\projects\feiji\proj.win32\Debug.win32\\" libExtensions.lib libcocos2d.lib libCocosDenshion.lib opengl32.lib glew32.lib libBox2d.lib libchipmunk.lib libcurl_imp.lib pthreadVCE2.lib websockets.lib kernel32.lib user32.lib gdi32.lib winspool.lib comdlg32.lib advapi32.lib shell32.lib ole32.lib oleaut32.lib uuid.lib odbc32.lib odbccp32.lib /MANIFEST /ManifestFile:"Debug.win32\feiji.exe.intermediate.manifest" /MANIFESTUAC:"level='asInvoker' uiAccess='false'" /DEBUG /PDB:"D:\cocos2d-x-2.2\projects\feiji\proj.win32\Debug.win32\feiji.pdb" /SUBSYSTEM:WINDOWS /TLBID:1 /DYNAMICBASE /NXCOMPAT /IMPLIB:"D:\cocos2d-x-2.2\projects\feiji\proj.win32\Debug.win32\feiji.lib" /MACHINE:X86 Debug.win32\feiji.exe.embed.manifest.res
         Debug.win32\AppDelegate.obj
         Debug.win32\HelloWorldScene.obj
         Debug.win32\BulletLayer.obj
         Debug.win32\ControlLayer.obj
         Debug.win32\Enemy.obj
         Debug.win32\EnemyLayer.obj
         Debug.win32\GameLayer.obj
         Debug.win32\GameOverLayer.obj
         Debug.win32\GameOverScene.obj
         Debug.win32\main.obj
         Debug.win32\MutiBulletsLayer.obj
         Debug.win32\NoTouchLayer.obj
         Debug.win32\PlaneLayer.obj
         Debug.win32\UFOLayer.obj
         Debug.win32\WelcomeLayer.obj
         "D:\cocos2d-x-2.2\projects\feiji\proj.win32\Debug.win32\libcocos2d.lib"
         "D:\cocos2d-x-2.2\projects\feiji\proj.win32\Debug.win32\libCocosDenshion.lib"
         "D:\cocos2d-x-2.2\projects\feiji\proj.win32\Debug.win32\libExtensions.lib"
         "D:\cocos2d-x-2.2\projects\feiji\proj.win32\Debug.win32\libBox2D.lib"
         "D:\cocos2d-x-2.2\projects\feiji\proj.win32\Debug.win32\libchipmunk.lib"
       Manifest:
         C:\Program Files\Microsoft SDKs\Windows\v7.0A\bin\mt.exe /nologo /verbose /out:"Debug.win32\feiji.exe.embed.manifest" /manifest Debug.win32\feiji.exe.intermediate.manifest
         所有输出均为最新。
       LinkEmbedManifest:
         所有输出均为最新。
         feiji.vcxproj -> D:\cocos2d-x-2.2\projects\feiji\proj.win32\Debug.win32\feiji.exe
       FinalizeBuildStatus:
         正在删除文件“Debug.win32\feiji.unsuccessfulbuild”。
         正在对“Debug.win32\feiji.lastbuildstate”执行 Touch 任务。
     1>已完成生成项目“D:\cocos2d-x-2.2\projects\feiji\proj.win32\feiji.vcxproj”(build 个目标)的操作。

生成成功。

已用时间 00:00:12.04
